[debug] [2026-07-21T11:59:38.016Z] ----------------------------------------------------------------------
[debug] [2026-07-21T11:59:38.018Z] Command:       /usr/local/bin/node /usr/local/bin/firebase init
[debug] [2026-07-21T11:59:38.019Z] CLI Version:   15.24.0
[debug] [2026-07-21T11:59:38.019Z] Platform:      darwin
[debug] [2026-07-21T11:59:38.019Z] Node Version:  v24.18.0
[debug] [2026-07-21T11:59:38.019Z] Detected Agent: unknown
[debug] [2026-07-21T11:59:38.019Z] Time:          Tue Jul 21 2026 12:59:38 GMT+0100 (British Summer Time)
[debug] [2026-07-21T11:59:38.019Z] ----------------------------------------------------------------------
[debug] 
[info] 
     ######## #### ########  ######## ########     ###     ######  ########
     ##        ##  ##     ## ##       ##     ##  ##   ##  ##       ##
     ######    ##  ########  ######   ########  #########  ######  ######
     ##        ##  ##    ##  ##       ##     ## ##     ##       ## ##
     ##       #### ##     ## ######## ########  ##     ##  ######  ########

You're about to initialize a Firebase project in this directory:

  /Users/rohantaylor-kharade/Desktop/public

[info] 
=== Project Setup
[info] 
[info] First, let's associate this project directory with a Firebase project.
[info] You can create multiple project aliases by running firebase use --add, 
[info] 
[debug] [2026-07-21T11:59:50.748Z] > command requires scopes: ["email","openid","https://www.googleapis.com/auth/cloudplatformprojects.readonly","https://www.googleapis.com/auth/firebase","https://www.googleapis.com/auth/cloud-platform"]
[debug] [2026-07-21T11:59:50.749Z] > authorizing via signed-in user (yourmum41242069@gmail.com)
[debug] [2026-07-21T11:59:50.772Z] Checked if tokens are valid: true, expires at: 1784638762957
[debug] [2026-07-21T11:59:50.772Z] Checked if tokens are valid: true, expires at: 1784638762957
[debug] [2026-07-21T11:59:50.773Z] >>> [apiv2][query] GET https://firebase.googleapis.com/v1beta1/projects pageSize=100
[debug] [2026-07-21T11:59:52.698Z] <<< [apiv2][status] GET https://firebase.googleapis.com/v1beta1/projects 200
[debug] [2026-07-21T11:59:52.699Z] <<< [apiv2][body] GET https://firebase.googleapis.com/v1beta1/projects [omitted]
[info] 
=== Hosting Setup
[debug] [2026-07-21T11:59:58.060Z] Checked if tokens are valid: true, expires at: 1784638762957
[debug] [2026-07-21T11:59:58.060Z] Checked if tokens are valid: true, expires at: 1784638762957
[debug] [2026-07-21T11:59:58.061Z] >>> [apiv2][query] GET https://firebase.googleapis.com/v1beta1/projects/pokemarket-bdacd [none]
[debug] [2026-07-21T11:59:59.164Z] <<< [apiv2][status] GET https://firebase.googleapis.com/v1beta1/projects/pokemarket-bdacd 200
[debug] [2026-07-21T11:59:59.165Z] <<< [apiv2][body] GET https://firebase.googleapis.com/v1beta1/projects/pokemarket-bdacd {"projectId":"pokemarket-bdacd","projectNumber":"315842390173","displayName":"pokemarket","name":"projects/pokemarket-bdacd","resources":{"hostingSite":"pokemarket-bdacd"},"state":"ACTIVE","labels":{"firebase":"enabled"},"etag":"1_11cbf242-b384-4bcf-8b84-52a2f29a03a4"}
[info] 
[info] Your public directory is the folder (relative to your project directory) that
[info] will contain Hosting assets to be uploaded with firebase deploy. If you
[info] have a build process for your assets, use your build's output directory.
[info] 
[info] 
[info] i  Didn't detect a .git folder. Assuming /Users/rohantaylor-kharade/Desktop/public is the project root. 
[info] i  Authorizing with GitHub to upload your service account to a GitHub repository's secrets store. 
[info] 
[info] Visit this URL on this device to log in:
[info] https://github.com/login/oauth/authorize?client_id=89cf50f02ac6aaed3484&state=344699893&redirect_uri=http%3A%2F%2Flocalhost%3A9005&scope=read%3Auser%20repo%20public_repo
[info] 
[info] Waiting for authentication...
